  FileToVedio.cpp
d:\vs代码集\计网项目一\编码\编码\filetovedio.cpp(20): warning C4267: “=”: 从“size_t”转换到“int”，可能丢失数据
d:\vs代码集\计网项目一\编码\编码\filetovedio.cpp(111): warning C4244: “初始化”: 从“std::streamoff”转换到“int”，可能丢失数据
d:\vs代码集\计网项目一\编码\编码\filetovedio.cpp(160): warning C4267: “初始化”: 从“size_t”转换到“int”，可能丢失数据
d:\vs代码集\计网项目一\编码\编码\filetovedio.cpp(228): warning C4244: “参数”: 从“double”转换到“_Tp”，可能丢失数据
          with
          [
              _Tp=int
          ]
d:\vs代码集\计网项目一\编码\编码\filetovedio.cpp(229): warning C4244: “参数”: 从“double”转换到“_Tp”，可能丢失数据
          with
          [
              _Tp=int
          ]
d:\vs代码集\计网项目一\编码\编码\filetovedio.cpp(287): warning C4244: “+=”: 从“double”转换到“int”，可能丢失数据
  源.cpp
  正在生成代码
  2 of 565 functions ( 0.4%) were compiled, the rest were copied from previous compilation.
    1 functions were new in current compilation
    0 functions had inline decision re-evaluated but remain unchanged
  已完成代码的生成
  编码.vcxproj -> D:\VS代码集\计网项目一\编码\x64\Release\编码.exe
